<?xml version="1.0" encoding="UTF-8"?>
<!-- Generated by org.testng.reporters.JUnitXMLReporter -->
<testsuite ignored="0" hostname="Swapna_Parsha" failures="1" tests="12" name="Default test" time="37.591" errors="0" timestamp="2025-02-27T14:56:38 GMT">
  <testcase classname="lms.LibraryManagementSystem.tests.LMSTest" name="AddBookAndConfirm" time="4.483"/>
  <testcase classname="lms.LibraryManagementSystem.tests.LMSTest" name="AddBookPageURLCheck" time="2.02"/>
  <testcase classname="lms.LibraryManagementSystem.tests.LMSTest" name="AddBookWithBlankTitleAndConfirm" time="2.785"/>
  <testcase classname="lms.LibraryManagementSystem.tests.LMSTest" name="AddBookWithInvalidDataAndConfirm" time="2.405"/>
  <testcase classname="lms.LibraryManagementSystem.tests.LMSTest" name="DeleteBookAndConfirm" time="4.029"/>
  <testcase classname="lms.LibraryManagementSystem.tests.LMSTest" name="EditBookPageURLCheck" time="3.148"/>
  <testcase classname="lms.LibraryManagementSystem.tests.LMSTest" name="InvalidUserLoginFailErrorMessageValidation" time="1.815"/>
  <testcase classname="lms.LibraryManagementSystem.tests.LMSTest" name="InvokeLoginPageFromTaskPageLink" time="3.671"/>
  <testcase classname="lms.LibraryManagementSystem.tests.LMSTest" name="LogOutPageRedirectionValidation" time="3.883">
    <failure type="java.lang.AssertionError" message="expected [https://applicationforlibrarymanagementsystem.onrender.com/books] but found [https://applicationforlibrarymanagementsystem.onrender.com/login]">
      <![CDATA[java.lang.AssertionError: expected [https://applicationforlibrarymanagementsystem.onrender.com/books] but found [https://applicationforlibrarymanagementsystem.onrender.com/login]
at org.testng.Assert.fail(Assert.java:111)
at org.testng.Assert.failNotEquals(Assert.java:1590)
at org.testng.Assert.assertEqualsImpl(Assert.java:150)
at org.testng.Assert.assertEquals(Assert.java:132)
at org.testng.Assert.assertEquals(Assert.java:656)
at org.testng.Assert.assertEquals(Assert.java:666)
at lms.LibraryManagementSystem.tests.LMSTest.LogOutPageRedirectionValidation(LMSTest.java:216)
at java.base/jdk.internal.reflect.NativeMethodAccessorImpl.invoke0(Native Method)
at java.base/jdk.internal.reflect.NativeMethodAccessorImpl.invoke(NativeMethodAccessorImpl.java:77)
at java.base/jdk.internal.reflect.DelegatingMethodAccessorImpl.invoke(DelegatingMethodAccessorImpl.java:43)
at java.base/java.lang.reflect.Method.invoke(Method.java:568)
at org.testng.internal.invokers.MethodInvocationHelper.invokeMethod(MethodInvocationHelper.java:141)
at org.testng.internal.invokers.TestInvoker.invokeMethod(TestInvoker.java:687)
at org.testng.internal.invokers.TestInvoker.invokeTestMethod(TestInvoker.java:230)
at org.testng.internal.invokers.MethodRunner.runInSequence(MethodRunner.java:63)
at org.testng.internal.invokers.TestInvoker$MethodInvocationAgent.invoke(TestInvoker.java:995)
at org.testng.internal.invokers.TestInvoker.invokeTestMethods(TestInvoker.java:203)
at org.testng.internal.invokers.TestMethodWorker.invokeTestMethods(TestMethodWorker.java:154)
at org.testng.internal.invokers.TestMethodWorker.run(TestMethodWorker.java:134)
at java.base/java.util.ArrayList.forEach(ArrayList.java:1511)
at org.testng.TestRunner.privateRun(TestRunner.java:741)
at org.testng.TestRunner.run(TestRunner.java:616)
at org.testng.SuiteRunner.runTest(SuiteRunner.java:421)
at org.testng.SuiteRunner.runSequentially(SuiteRunner.java:413)
at org.testng.SuiteRunner.privateRun(SuiteRunner.java:373)
at org.testng.SuiteRunner.run(SuiteRunner.java:312)
at org.testng.SuiteRunnerWorker.runSuite(SuiteRunnerWorker.java:52)
at org.testng.SuiteRunnerWorker.run(SuiteRunnerWorker.java:95)
at org.testng.TestNG.runSuitesSequentially(TestNG.java:1274)
at org.testng.TestNG.runSuitesLocally(TestNG.java:1208)
at org.testng.TestNG.runSuites(TestNG.java:1112)
at org.testng.TestNG.run(TestNG.java:1079)
at org.testng.remote.AbstractRemoteTestNG.run(AbstractRemoteTestNG.java:115)
at org.testng.remote.RemoteTestNG.initAndRun(RemoteTestNG.java:293)
at org.testng.remote.RemoteTestNG.main(RemoteTestNG.java:91)
]]>
    </failure>
  </testcase> <!-- LogOutPageRedirectionValidation -->
  <testcase classname="lms.LibraryManagementSystem.tests.LMSTest" name="LoginWithBlankSubmissionErrorMessageValidation" time="1.698"/>
  <testcase classname="lms.LibraryManagementSystem.tests.LMSTest" name="editBookWithBlankTitleAndConfirm" time="2.662"/>
  <testcase classname="lms.LibraryManagementSystem.tests.LMSTest" name="editBookWithValidateAndConfirm" time="2.94"/>
</testsuite> <!-- Default test -->
