<?xml version="1.0" encoding="UTF-8"?>
<testng-results ignored="0" total="12" passed="11" failed="1" skipped="0">
  <reporter-output>
  </reporter-output>
  <suite started-at="2025-02-27T14:56:00 GMT" name="Default suite" finished-at="2025-02-27T14:56:38 GMT" duration-ms="37591">
    <groups>
    </groups>
    <test started-at="2025-02-27T14:56:00 GMT" name="Default test" finished-at="2025-02-27T14:56:38 GMT" duration-ms="37591">
      <class name="lms.LibraryManagementSystem.tests.LMSTest">
        <test-method signature="AddBookAndConfirm()[pri:0, instance:lms.LibraryManagementSystem.tests.LMSTest@470734c3]" started-at="2025-02-27T14:56:00 GMT" name="AddBookAndConfirm" finished-at="2025-02-27T14:56:05 GMT" duration-ms="4483" status="PASS">
          <reporter-output>
          </reporter-output>
        </test-method> <!-- AddBookAndConfirm -->
        <test-method is-config="true" signature="tearDown()[pri:0, instance:lms.LibraryManagementSystem.tests.LMSTest@470734c3]" started-at="2025-02-27T14:56:05 GMT" name="tearDown" finished-at="2025-02-27T14:56:05 GMT" duration-ms="209" status="PASS">
          <reporter-output>
          </reporter-output>
        </test-method> <!-- tearDown -->
        <test-method signature="AddBookPageURLCheck()[pri:0, instance:lms.LibraryManagementSystem.tests.LMSTest@470734c3]" started-at="2025-02-27T14:56:05 GMT" name="AddBookPageURLCheck" finished-at="2025-02-27T14:56:07 GMT" duration-ms="2020" status="PASS">
          <reporter-output>
          </reporter-output>
        </test-method> <!-- AddBookPageURLCheck -->
        <test-method is-config="true" signature="tearDown()[pri:0, instance:lms.LibraryManagementSystem.tests.LMSTest@470734c3]" started-at="2025-02-27T14:56:07 GMT" name="tearDown" finished-at="2025-02-27T14:56:07 GMT" duration-ms="146" status="PASS">
          <reporter-output>
          </reporter-output>
        </test-method> <!-- tearDown -->
        <test-method signature="AddBookWithBlankTitleAndConfirm()[pri:0, instance:lms.LibraryManagementSystem.tests.LMSTest@470734c3]" started-at="2025-02-27T14:56:07 GMT" name="AddBookWithBlankTitleAndConfirm" finished-at="2025-02-27T14:56:10 GMT" duration-ms="2785" status="PASS">
          <reporter-output>
          </reporter-output>
        </test-method> <!-- AddBookWithBlankTitleAndConfirm -->
        <test-method is-config="true" signature="tearDown()[pri:0, instance:lms.LibraryManagementSystem.tests.LMSTest@470734c3]" started-at="2025-02-27T14:56:10 GMT" name="tearDown" finished-at="2025-02-27T14:56:10 GMT" duration-ms="167" status="PASS">
          <reporter-output>
          </reporter-output>
        </test-method> <!-- tearDown -->
        <test-method signature="AddBookWithInvalidDataAndConfirm()[pri:0, instance:lms.LibraryManagementSystem.tests.LMSTest@470734c3]" started-at="2025-02-27T14:56:10 GMT" name="AddBookWithInvalidDataAndConfirm" finished-at="2025-02-27T14:56:12 GMT" duration-ms="2405" status="PASS">
          <reporter-output>
          </reporter-output>
        </test-method> <!-- AddBookWithInvalidDataAndConfirm -->
        <test-method is-config="true" signature="tearDown()[pri:0, instance:lms.LibraryManagementSystem.tests.LMSTest@470734c3]" started-at="2025-02-27T14:56:12 GMT" name="tearDown" finished-at="2025-02-27T14:56:13 GMT" duration-ms="146" status="PASS">
          <reporter-output>
          </reporter-output>
        </test-method> <!-- tearDown -->
        <test-method signature="DeleteBookAndConfirm()[pri:0, instance:lms.LibraryManagementSystem.tests.LMSTest@470734c3]" started-at="2025-02-27T14:56:13 GMT" name="DeleteBookAndConfirm" finished-at="2025-02-27T14:56:17 GMT" duration-ms="4029" status="PASS">
          <reporter-output>
          </reporter-output>
        </test-method> <!-- DeleteBookAndConfirm -->
        <test-method is-config="true" signature="tearDown()[pri:0, instance:lms.LibraryManagementSystem.tests.LMSTest@470734c3]" started-at="2025-02-27T14:56:17 GMT" name="tearDown" finished-at="2025-02-27T14:56:17 GMT" duration-ms="184" status="PASS">
          <reporter-output>
          </reporter-output>
        </test-method> <!-- tearDown -->
        <test-method signature="EditBookPageURLCheck()[pri:0, instance:lms.LibraryManagementSystem.tests.LMSTest@470734c3]" started-at="2025-02-27T14:56:17 GMT" name="EditBookPageURLCheck" finished-at="2025-02-27T14:56:20 GMT" duration-ms="3148" status="PASS">
          <reporter-output>
          </reporter-output>
        </test-method> <!-- EditBookPageURLCheck -->
        <test-method is-config="true" signature="tearDown()[pri:0, instance:lms.LibraryManagementSystem.tests.LMSTest@470734c3]" started-at="2025-02-27T14:56:20 GMT" name="tearDown" finished-at="2025-02-27T14:56:20 GMT" duration-ms="149" status="PASS">
          <reporter-output>
          </reporter-output>
        </test-method> <!-- tearDown -->
        <test-method signature="InvalidUserLoginFailErrorMessageValidation()[pri:0, instance:lms.LibraryManagementSystem.tests.LMSTest@470734c3]" started-at="2025-02-27T14:56:20 GMT" name="InvalidUserLoginFailErrorMessageValidation" finished-at="2025-02-27T14:56:22 GMT" duration-ms="1815" status="PASS">
          <reporter-output>
          </reporter-output>
        </test-method> <!-- InvalidUserLoginFailErrorMessageValidation -->
        <test-method is-config="true" signature="tearDown()[pri:0, instance:lms.LibraryManagementSystem.tests.LMSTest@470734c3]" started-at="2025-02-27T14:56:22 GMT" name="tearDown" finished-at="2025-02-27T14:56:22 GMT" duration-ms="156" status="PASS">
          <reporter-output>
          </reporter-output>
        </test-method> <!-- tearDown -->
        <test-method signature="InvokeLoginPageFromTaskPageLink()[pri:0, instance:lms.LibraryManagementSystem.tests.LMSTest@470734c3]" started-at="2025-02-27T14:56:22 GMT" name="InvokeLoginPageFromTaskPageLink" finished-at="2025-02-27T14:56:26 GMT" duration-ms="3671" status="PASS">
          <reporter-output>
          </reporter-output>
        </test-method> <!-- InvokeLoginPageFromTaskPageLink -->
        <test-method is-config="true" signature="tearDown()[pri:0, instance:lms.LibraryManagementSystem.tests.LMSTest@470734c3]" started-at="2025-02-27T14:56:26 GMT" name="tearDown" finished-at="2025-02-27T14:56:26 GMT" duration-ms="171" status="PASS">
          <reporter-output>
          </reporter-output>
        </test-method> <!-- tearDown -->
        <test-method signature="LogOutPageRedirectionValidation()[pri:0, instance:lms.LibraryManagementSystem.tests.LMSTest@470734c3]" started-at="2025-02-27T14:56:26 GMT" name="LogOutPageRedirectionValidation" finished-at="2025-02-27T14:56:30 GMT" duration-ms="3883" status="FAIL">
          <exception class="java.lang.AssertionError">
            <message>
              <![CDATA[expected [https://applicationforlibrarymanagementsystem.onrender.com/books] but found [https://applicationforlibrarymanagementsystem.onrender.com/login]]]>
            </message>
            <full-stacktrace>
              <![CDATA[java.lang.AssertionError: expected [https://applicationforlibrarymanagementsystem.onrender.com/books] but found [https://applicationforlibrarymanagementsystem.onrender.com/login]
at org.testng.Assert.fail(Assert.java:111)
at org.testng.Assert.failNotEquals(Assert.java:1590)
at org.testng.Assert.assertEqualsImpl(Assert.java:150)
at org.testng.Assert.assertEquals(Assert.java:132)
at org.testng.Assert.assertEquals(Assert.java:656)
at org.testng.Assert.assertEquals(Assert.java:666)
at lms.LibraryManagementSystem.tests.LMSTest.LogOutPageRedirectionValidation(LMSTest.java:216)
at java.base/jdk.internal.reflect.NativeMethodAccessorImpl.invoke0(Native Method)
at java.base/jdk.internal.reflect.NativeMethodAccessorImpl.invoke(NativeMethodAccessorImpl.java:77)
at java.base/jdk.internal.reflect.DelegatingMethodAccessorImpl.invoke(DelegatingMethodAccessorImpl.java:43)
at java.base/java.lang.reflect.Method.invoke(Method.java:568)
at org.testng.internal.invokers.MethodInvocationHelper.invokeMethod(MethodInvocationHelper.java:141)
at org.testng.internal.invokers.TestInvoker.invokeMethod(TestInvoker.java:687)
at org.testng.internal.invokers.TestInvoker.invokeTestMethod(TestInvoker.java:230)
at org.testng.internal.invokers.MethodRunner.runInSequence(MethodRunner.java:63)
at org.testng.internal.invokers.TestInvoker$MethodInvocationAgent.invoke(TestInvoker.java:995)
at org.testng.internal.invokers.TestInvoker.invokeTestMethods(TestInvoker.java:203)
at org.testng.internal.invokers.TestMethodWorker.invokeTestMethods(TestMethodWorker.java:154)
at org.testng.internal.invokers.TestMethodWorker.run(TestMethodWorker.java:134)
at java.base/java.util.ArrayList.forEach(ArrayList.java:1511)
at org.testng.TestRunner.privateRun(TestRunner.java:741)
at org.testng.TestRunner.run(TestRunner.java:616)
at org.testng.SuiteRunner.runTest(SuiteRunner.java:421)
at org.testng.SuiteRunner.runSequentially(SuiteRunner.java:413)
at org.testng.SuiteRunner.privateRun(SuiteRunner.java:373)
at org.testng.SuiteRunner.run(SuiteRunner.java:312)
at org.testng.SuiteRunnerWorker.runSuite(SuiteRunnerWorker.java:52)
at org.testng.SuiteRunnerWorker.run(SuiteRunnerWorker.java:95)
at org.testng.TestNG.runSuitesSequentially(TestNG.java:1274)
at org.testng.TestNG.runSuitesLocally(TestNG.java:1208)
at org.testng.TestNG.runSuites(TestNG.java:1112)
at org.testng.TestNG.run(TestNG.java:1079)
at org.testng.remote.AbstractRemoteTestNG.run(AbstractRemoteTestNG.java:115)
at org.testng.remote.RemoteTestNG.initAndRun(RemoteTestNG.java:293)
at org.testng.remote.RemoteTestNG.main(RemoteTestNG.java:91)
]]>
            </full-stacktrace>
          </exception> <!-- java.lang.AssertionError -->
          <reporter-output>
          </reporter-output>
        </test-method> <!-- LogOutPageRedirectionValidation -->
        <test-method is-config="true" signature="tearDown()[pri:0, instance:lms.LibraryManagementSystem.tests.LMSTest@470734c3]" started-at="2025-02-27T14:56:30 GMT" name="tearDown" finished-at="2025-02-27T14:56:30 GMT" duration-ms="170" status="PASS">
          <reporter-output>
          </reporter-output>
        </test-method> <!-- tearDown -->
        <test-method signature="LoginWithBlankSubmissionErrorMessageValidation()[pri:0, instance:lms.LibraryManagementSystem.tests.LMSTest@470734c3]" started-at="2025-02-27T14:56:30 GMT" name="LoginWithBlankSubmissionErrorMessageValidation" finished-at="2025-02-27T14:56:32 GMT" duration-ms="1698" status="PASS">
          <reporter-output>
          </reporter-output>
        </test-method> <!-- LoginWithBlankSubmissionErrorMessageValidation -->
        <test-method is-config="true" signature="tearDown()[pri:0, instance:lms.LibraryManagementSystem.tests.LMSTest@470734c3]" started-at="2025-02-27T14:56:32 GMT" name="tearDown" finished-at="2025-02-27T14:56:32 GMT" duration-ms="144" status="PASS">
          <reporter-output>
          </reporter-output>
        </test-method> <!-- tearDown -->
        <test-method signature="editBookWithBlankTitleAndConfirm()[pri:0, instance:lms.LibraryManagementSystem.tests.LMSTest@470734c3]" started-at="2025-02-27T14:56:32 GMT" name="editBookWithBlankTitleAndConfirm" finished-at="2025-02-27T14:56:34 GMT" duration-ms="2662" status="PASS">
          <reporter-output>
          </reporter-output>
        </test-method> <!-- editBookWithBlankTitleAndConfirm -->
        <test-method is-config="true" signature="tearDown()[pri:0, instance:lms.LibraryManagementSystem.tests.LMSTest@470734c3]" started-at="2025-02-27T14:56:34 GMT" name="tearDown" finished-at="2025-02-27T14:56:35 GMT" duration-ms="154" status="PASS">
          <reporter-output>
          </reporter-output>
        </test-method> <!-- tearDown -->
        <test-method signature="editBookWithValidateAndConfirm()[pri:0, instance:lms.LibraryManagementSystem.tests.LMSTest@470734c3]" started-at="2025-02-27T14:56:35 GMT" name="editBookWithValidateAndConfirm" finished-at="2025-02-27T14:56:38 GMT" duration-ms="2940" status="PASS">
          <reporter-output>
          </reporter-output>
        </test-method> <!-- editBookWithValidateAndConfirm -->
        <test-method is-config="true" signature="tearDown()[pri:0, instance:lms.LibraryManagementSystem.tests.LMSTest@470734c3]" started-at="2025-02-27T14:56:38 GMT" name="tearDown" finished-at="2025-02-27T14:56:38 GMT" duration-ms="173" status="PASS">
          <reporter-output>
          </reporter-output>
        </test-method> <!-- tearDown -->
      </class> <!-- lms.LibraryManagementSystem.tests.LMSTest -->
    </test> <!-- Default test -->
  </suite> <!-- Default suite -->
</testng-results>
